-------------------------------------------------------------------------------
Test set: pl.karolmic.security.repository.UserRepositoryTest
-------------------------------------------------------------------------------
Tests run: 4, Failures: 0, Errors: 4, Skipped: 0, Time elapsed: 0.113 s <<< FAILURE! - in pl.karolmic.security.repository.UserRepositoryTest
test1_shouldSaveNewUser(pl.karolmic.security.repository.UserRepositoryTest)  Time elapsed: 0.009 s  <<< ERROR!
java.lang.IndexOutOfBoundsException: Index 3 out of bounds for length 1
	at pl.karolmic.security.repository.UserRepositoryTest.beforeTests(UserRepositoryTest.java:56)

test2_shouldNotSaveNewUser_wrongEmail(pl.karolmic.security.repository.UserRepositoryTest)  Time elapsed: 0.027 s  <<< ERROR!
java.lang.IndexOutOfBoundsException: Index 3 out of bounds for length 1
	at pl.karolmic.security.repository.UserRepositoryTest.beforeTests(UserRepositoryTest.java:56)

test3_shouldPersistNewUser(pl.karolmic.security.repository.UserRepositoryTest)  Time elapsed: 0.027 s  <<< ERROR!
java.lang.IndexOutOfBoundsException: Index 3 out of bounds for length 1
	at pl.karolmic.security.repository.UserRepositoryTest.beforeTests(UserRepositoryTest.java:56)

test4_shouldNotPersistNewUser_duplicatesEmail(pl.karolmic.security.repository.UserRepositoryTest)  Time elapsed: 0.019 s  <<< ERROR!
java.lang.IndexOutOfBoundsException: Index 3 out of bounds for length 1
	at pl.karolmic.security.repository.UserRepositoryTest.beforeTests(UserRepositoryTest.java:56)

